<?xml version="1.0" encoding="UTF-8"?><testrun name="GRADSIntfTest" project="GRADS" tests="18" started="18" failures="0" errors="1" ignored="0">
  <testsuite name="edu.sc.csce740.test.GRADSIntfTest" time="0.342">
    <testcase name="testGetStudentsIDsPasses" classname="edu.sc.csce740.test.GRADSIntfTest" time="0.085"/>
    <testcase name="testGetStudentsIDsExceptionThrown" classname="edu.sc.csce740.test.GRADSIntfTest" time="0.017"/>
    <testcase name="testSetUserExceptionThrown" classname="edu.sc.csce740.test.GRADSIntfTest" time="0.014"/>
    <testcase name="testClearSession" classname="edu.sc.csce740.test.GRADSIntfTest" time="0.011"/>
    <testcase name="testGetUserPasses" classname="edu.sc.csce740.test.GRADSIntfTest" time="0.01"/>
    <testcase name="simulateCoursesPasses" classname="edu.sc.csce740.test.GRADSIntfTest" time="0.108"/>
    <testcase name="testSetUserPasses" classname="edu.sc.csce740.test.GRADSIntfTest" time="0.004"/>
    <testcase name="testUpdateTranscriptPasses" classname="edu.sc.csce740.test.GRADSIntfTest" time="0.034"/>
    <testcase name="testAddNoteStudentExceptionThrown" classname="edu.sc.csce740.test.GRADSIntfTest" time="0.004"/>
    <testcase name="testGenerateProgressSummaryPHDPasses" classname="edu.sc.csce740.test.GRADSIntfTest" time="0.015">
      <error>edu.sc.csce740.exception.DataNotRetrievedException: Can not load records file
	at edu.sc.csce740.test.GRADSIntfTest.testGenerateProgressSummaryPHDPasses(GRADSIntfTest.java:429)
	at sun.reflect.NativeMethodAccessorImpl.invoke0(Native Method)
	at sun.reflect.NativeMethodAccessorImpl.invoke(NativeMethodAccessorImpl.java:57)
	at sun.reflect.DelegatingMethodAccessorImpl.invoke(DelegatingMethodAccessorImpl.java:43)
	at java.lang.reflect.Method.invoke(Method.java:606)
	at org.junit.runners.model.FrameworkMethod$1.runReflectiveCall(FrameworkMethod.java:47)
	at org.junit.internal.runners.model.ReflectiveCallable.run(ReflectiveCallable.java:12)
	at org.junit.runners.model.FrameworkMethod.invokeExplosively(FrameworkMethod.java:44)
	at org.junit.internal.runners.statements.InvokeMethod.evaluate(InvokeMethod.java:17)
	at org.junit.internal.runners.statements.RunBefores.evaluate(RunBefores.java:26)
	at org.junit.internal.runners.statements.RunAfters.evaluate(RunAfters.java:27)
	at org.junit.runners.ParentRunner.runLeaf(ParentRunner.java:271)
	at org.junit.runners.BlockJUnit4ClassRunner.runChild(BlockJUnit4ClassRunner.java:70)
	at org.junit.runners.BlockJUnit4ClassRunner.runChild(BlockJUnit4ClassRunner.java:50)
	at org.junit.runners.ParentRunner$3.run(ParentRunner.java:238)
	at org.junit.runners.ParentRunner$1.schedule(ParentRunner.java:63)
	at org.junit.runners.ParentRunner.runChildren(ParentRunner.java:236)
	at org.junit.runners.ParentRunner.access$000(ParentRunner.java:53)
	at org.junit.runners.ParentRunner$2.evaluate(ParentRunner.java:229)
	at org.junit.internal.runners.statements.RunBefores.evaluate(RunBefores.java:26)
	at org.junit.internal.runners.statements.RunAfters.evaluate(RunAfters.java:27)
	at org.junit.runners.ParentRunner.run(ParentRunner.java:309)
	at org.eclipse.jdt.internal.junit4.runner.JUnit4TestReference.run(JUnit4TestReference.java:50)
	at org.eclipse.jdt.internal.junit.runner.TestExecution.run(TestExecution.java:38)
	at org.eclipse.jdt.internal.junit.runner.RemoteTestRunner.runTests(RemoteTestRunner.java:467)
	at org.eclipse.jdt.internal.junit.runner.RemoteTestRunner.runTests(RemoteTestRunner.java:683)
	at org.eclipse.jdt.internal.junit.runner.RemoteTestRunner.run(RemoteTestRunner.java:390)
	at org.eclipse.jdt.internal.junit.runner.RemoteTestRunner.main(RemoteTestRunner.java:197)

</error>
    </testcase>
    <testcase name="testGetTranscriptPasses" classname="edu.sc.csce740.test.GRADSIntfTest" time="0.012"/>
    <testcase name="testUpdateTranscriptThrowException" classname="edu.sc.csce740.test.GRADSIntfTest" time="0.004"/>
    <testcase name="testAddNoteExceptionThrown" classname="edu.sc.csce740.test.GRADSIntfTest" time="0.003"/>
    <testcase name="testAddNotePasses" classname="edu.sc.csce740.test.GRADSIntfTest" time="0.004"/>
    <testcase name="testGetTranscriptPassesExceptionThrown" classname="edu.sc.csce740.test.GRADSIntfTest" time="0.004"/>
    <testcase name="testGetUserFails" classname="edu.sc.csce740.test.GRADSIntfTest" time="0.004"/>
    <testcase name="testUpdateTranscriptThrowTempException" classname="edu.sc.csce740.test.GRADSIntfTest" time="0.003"/>
    <testcase name="simulateCoursesThrowsException" classname="edu.sc.csce740.test.GRADSIntfTest" time="0.004"/>
  </testsuite>
</testrun>
